
Tue Sep 20 2022 14:43:21 GMT-0400 (Eastern Daylight Time) Websocket Startup

Tue Sep 20 2022 14:50:56 GMT-0400 (Eastern Daylight Time) Websocket Startup

Tue Sep 20 2022 14:51:17 GMT-0400 (Eastern Daylight Time) Websocket Startup
Tue Sep 20 2022 14:51:17 GMT-0400 (Eastern Daylight Time) Websocket-server is listening on port 8089
Tue Sep 20 2022 14:51:41 GMT-0400 (Eastern Daylight Time) Remote Address: ::ffff:74.192.14.176
Tue Sep 20 2022 14:51:41 GMT-0400 (Eastern Daylight Time) originIsAllowed: https://www.bartonphillips.com
Tue Sep 20 2022 14:51:41 GMT-0400 (Eastern Daylight Time) Connection accepted. inx: 0
Tue Sep 20 2022 14:52:01 GMT-0400 (Eastern Daylight Time) Received Message: inx: 0, {"event":"register","siteId":"ALL","prog":"Test or register ALL"}
Tue Sep 20 2022 14:52:01 GMT-0400 (Eastern Daylight Time) Waiting
Tue Sep 20 2022 14:52:10 GMT-0400 (Eastern Daylight Time) Remote Address: ::ffff:74.192.14.176
Tue Sep 20 2022 14:52:10 GMT-0400 (Eastern Daylight Time) originIsAllowed: https://www.bartonphillips.com
Tue Sep 20 2022 14:52:10 GMT-0400 (Eastern Daylight Time) Connection accepted. inx: 1
Tue Sep 20 2022 14:52:28 GMT-0400 (Eastern Daylight Time) Received Message: inx: 1, {"event":"register","siteId":"1","prog":"one registered"}
Tue Sep 20 2022 14:52:28 GMT-0400 (Eastern Daylight Time) Waiting
Tue Sep 20 2022 14:52:34 GMT-0400 (Eastern Daylight Time) Remote Address: ::ffff:74.192.14.176
Tue Sep 20 2022 14:52:34 GMT-0400 (Eastern Daylight Time) originIsAllowed: https://www.bartonphillips.com
Tue Sep 20 2022 14:52:34 GMT-0400 (Eastern Daylight Time) Connection accepted. inx: 2
Tue Sep 20 2022 14:52:47 GMT-0400 (Eastern Daylight Time) Received Message: inx: 2, {"event":"register","siteId":"2","prog":"two registered"}
Tue Sep 20 2022 14:52:47 GMT-0400 (Eastern Daylight Time) Waiting
Tue Sep 20 2022 14:53:17 GMT-0400 (Eastern Daylight Time) Received Message: inx: 2, {"event":"hello","siteId":"ALL","prog":"To everyone"}
Tue Sep 20 2022 14:53:17 GMT-0400 (Eastern Daylight Time) hello::ALL, inx: 0, siteId: ALL, inx: 2, prog: To everyone
Tue Sep 20 2022 14:53:17 GMT-0400 (Eastern Daylight Time) Waiting
Tue Sep 20 2022 14:53:54 GMT-0400 (Eastern Daylight Time) Received Message: inx: 2, {"event":"hello","siteId":"1","prog":"To one"}
Tue Sep 20 2022 14:53:54 GMT-0400 (Eastern Daylight Time) hello::ALL, inx: 0, siteId: 1, inx: 2, prog: To one
Tue Sep 20 2022 14:53:54 GMT-0400 (Eastern Daylight Time) Waiting
Tue Sep 20 2022 14:54:20 GMT-0400 (Eastern Daylight Time) Received Message: inx: 2, {"event":"hello","siteId":"1","prog":"from one"}
Tue Sep 20 2022 14:54:20 GMT-0400 (Eastern Daylight Time) hello::ALL, inx: 0, siteId: 1, inx: 2, prog: from one
Tue Sep 20 2022 14:54:20 GMT-0400 (Eastern Daylight Time) Waiting
Tue Sep 20 2022 14:55:00 GMT-0400 (Eastern Daylight Time) Received Message: inx: 2, {"event":"hello","siteId":"2","prog":"from two"}
Tue Sep 20 2022 14:55:00 GMT-0400 (Eastern Daylight Time) hello::ALL, inx: 0, siteId: 2, inx: 2, prog: from two
Tue Sep 20 2022 14:55:00 GMT-0400 (Eastern Daylight Time) Waiting
Tue Sep 20 2022 14:55:19 GMT-0400 (Eastern Daylight Time) Disconnected: Code: 1001, Desc: Remote peer is going away
	Peer: ::ffff:74.192.14.176, siteId: 2, prog: two registered
	inx: 2
Tue Sep 20 2022 14:55:19 GMT-0400 (Eastern Daylight Time) shutdown::ALL, inx: 0
	siteId: 2, prog: two registered, inx: 2
Tue Sep 20 2022 14:55:19 GMT-0400 (Eastern Daylight Time) 	Array index: 0, siteId: ALL, prog: Test or register ALL, inx: 0
Tue Sep 20 2022 14:55:19 GMT-0400 (Eastern Daylight Time) 	Array index: 1, siteId: 1, prog: one registered, inx: 1
Tue Sep 20 2022 14:55:19 GMT-0400 (Eastern Daylight Time) 	Array index: 2, siteId: 2, prog: two registered, inx: 2
Tue Sep 20 2022 14:55:19 GMT-0400 (Eastern Daylight Time) 	Removed: inx: 2, siteId:undefined, prog: two registered
Tue Sep 20 2022 14:55:19 GMT-0400 (Eastern Daylight Time) Remote Address: ::ffff:74.192.14.176
Tue Sep 20 2022 14:55:19 GMT-0400 (Eastern Daylight Time) originIsAllowed: https://www.bartonphillips.com
Tue Sep 20 2022 14:55:19 GMT-0400 (Eastern Daylight Time) Connection accepted. inx: 2
Tue Sep 20 2022 14:55:27 GMT-0400 (Eastern Daylight Time) Received Message: inx: 2, {"event":"hello","siteId":"2","prog":"from two"}
Tue Sep 20 2022 14:55:27 GMT-0400 (Eastern Daylight Time) hello::ALL, inx: 0, siteId: 2, inx: 2, prog: from two
Tue Sep 20 2022 14:55:27 GMT-0400 (Eastern Daylight Time) Waiting
Tue Sep 20 2022 14:55:38 GMT-0400 (Eastern Daylight Time) Received Message: inx: 2, {"event":"hello","siteId":"1","prog":"To one"}
Tue Sep 20 2022 14:55:38 GMT-0400 (Eastern Daylight Time) hello::ALL, inx: 0, siteId: 1, inx: 2, prog: To one
Tue Sep 20 2022 14:55:38 GMT-0400 (Eastern Daylight Time) Waiting
Tue Sep 20 2022 18:57:48 GMT-0400 (Eastern Daylight Time) Received Message: inx: 2, {"event":"hello","siteId":"2","prog":"from two"}
Tue Sep 20 2022 18:57:48 GMT-0400 (Eastern Daylight Time) hello::ALL, inx: 0, siteId: 2, inx: 2, prog: from two
Tue Sep 20 2022 18:57:48 GMT-0400 (Eastern Daylight Time) Waiting
Tue Sep 20 2022 18:58:00 GMT-0400 (Eastern Daylight Time) Received Message: inx: 2, {"event":"hello","siteId":"2","prog":"from two"}
Tue Sep 20 2022 18:58:00 GMT-0400 (Eastern Daylight Time) hello::ALL, inx: 0, siteId: 2, inx: 2, prog: from two
Tue Sep 20 2022 18:58:00 GMT-0400 (Eastern Daylight Time) Waiting
Tue Sep 20 2022 18:58:33 GMT-0400 (Eastern Daylight Time) Received Message: inx: 2, {"event":"hello","siteId":"ALL","prog":"To everyone"}
Tue Sep 20 2022 18:58:33 GMT-0400 (Eastern Daylight Time) hello::ALL, inx: 0, siteId: ALL, inx: 2, prog: To everyone
Tue Sep 20 2022 18:58:33 GMT-0400 (Eastern Daylight Time) Waiting
Tue Sep 20 2022 18:58:55 GMT-0400 (Eastern Daylight Time) Received Message: inx: 2, {"event":"hello","siteId":"2","prog":"from two"}
Tue Sep 20 2022 18:58:55 GMT-0400 (Eastern Daylight Time) hello::ALL, inx: 0, siteId: 2, inx: 2, prog: from two
Tue Sep 20 2022 18:58:55 GMT-0400 (Eastern Daylight Time) Waiting
Tue Sep 20 2022 18:59:18 GMT-0400 (Eastern Daylight Time) Disconnected: Code: 1001, Desc: Remote peer is going away
	Peer: ::ffff:74.192.14.176, siteId: 2, prog: from two
	inx: 2
Tue Sep 20 2022 18:59:18 GMT-0400 (Eastern Daylight Time) shutdown::ALL, inx: 0
	siteId: 2, prog: from two, inx: 2
Tue Sep 20 2022 18:59:18 GMT-0400 (Eastern Daylight Time) 	Array index: 0, siteId: ALL, prog: Test or register ALL, inx: 0
Tue Sep 20 2022 18:59:18 GMT-0400 (Eastern Daylight Time) 	Array index: 1, siteId: 1, prog: one registered, inx: 1
Tue Sep 20 2022 18:59:18 GMT-0400 (Eastern Daylight Time) 	Array index: 2, siteId: 2, prog: from two, inx: 2
Tue Sep 20 2022 18:59:18 GMT-0400 (Eastern Daylight Time) 	Removed: inx: 2, siteId:undefined, prog: from two
Tue Sep 20 2022 18:59:20 GMT-0400 (Eastern Daylight Time) Disconnected: Code: 1001, Desc: Remote peer is going away
	Peer: ::ffff:74.192.14.176, siteId: 2, prog: from two
	inx: 2
Tue Sep 20 2022 18:59:20 GMT-0400 (Eastern Daylight Time) shutdown::ALL, inx: 0
	siteId: 2, prog: from two, inx: 2
Tue Sep 20 2022 18:59:20 GMT-0400 (Eastern Daylight Time) 	Array index: 0, siteId: ALL, prog: Test or register ALL, inx: 0
Tue Sep 20 2022 18:59:20 GMT-0400 (Eastern Daylight Time) 	Array index: 1, siteId: 1, prog: one registered, inx: 1
Tue Sep 20 2022 18:59:22 GMT-0400 (Eastern Daylight Time) Disconnected: Code: 1001, Desc: Remote peer is going away
	Peer: ::ffff:74.192.14.176, siteId: 2, prog: from two
	inx: 2
Tue Sep 20 2022 18:59:22 GMT-0400 (Eastern Daylight Time) shutdown::ALL, inx: 0
	siteId: 2, prog: from two, inx: 2
Tue Sep 20 2022 18:59:22 GMT-0400 (Eastern Daylight Time) 	Array index: 0, siteId: ALL, prog: Test or register ALL, inx: 0
Tue Sep 20 2022 18:59:22 GMT-0400 (Eastern Daylight Time) 	Array index: 1, siteId: 1, prog: one registered, inx: 1
